INPUT

Wij : cout parametrique pour quitter i vers j


***************************************
INITIALISATION
***************************************

pi^1_1 = 1
pi^1_2 = 2
pi^1_3 = 2
pi^1_4 = 2

	-------------------------------
	Value Determination(1, 2, 3, 4)
	(1)
		c = 1 -> 1
	(2)
		eta = 1
		H = W11
	(3)
		eta^1_1 = 1
		H^1_1 = W11
		x^1_1 = 0
		X^1_1 = 0
	(5)
		C = {2, 3, 4}
	
	Value Determination(2, 3, 4)
	(1)
		c = 2 -> 2
	(2)
		eta = 3
		H = W22
	(3)
		eta^1_2 = 3
		H^1_2 = W22
		x^1_2 = 0
		X^1_2 = 0
	(4)
		eta^1_3 = 3
		H^1_3 = W22
		x^1_3 = 4 - 3 + 0 = 1
		X^1_3 = W32 - W22
		
		eta^1_4 = 3
		H^1_4 = W22
		x^1_4 = 2 - 3 + 0 = -1
		X^1_4 = W42 - W22
	(5)
		C = {}
	-------------------------------


***************************************
ITERATION 1
***************************************

pi^1_1 = 1
pi^1_2 = 2
pi^1_3 = 2
pi^1_4 = 2

eta^1_1 = 1
eta^1_2 = 3
eta^1_3 = 3
eta^1_4 = 3

H^1_1 = W11
H^1_2 = W22
H^1_3 = W22
H^1_4 = W22

x^1_1 = 0
x^1_2 = 0
x^1_3 = 1
x^1_4 = -1

X^1_1 = 0
X^1_2 = 0
X^1_3 = W32 - W22
X^1_4 = W42 - W22

	-------------------------------
	PolicyImprovement

(1)
	J = {1}
	K(1) = {2, 4}
(3)
	\pi'(1) := 2
(4)
	(les contraintes dégénérées sont commentées)
	
--	1 -> 1:
	-------
&			W11 <= W11
--&			W11 - W11 + 0 <= 0
	
--	1 -> 2:
	-------
&	W22 > W11
--&	W42 <= W22
	
--	1 -> 4:
	-------
&	W22 > W11
--&	W14 - W22 + W42 - W22 <= W22
		
--	2 -> 2:
	-------
&			W22 <= W22
--&			W22 - W22 + 0 <= 0
		
--	2 -> 3:
	-------
&			W22 <= W22
--&	W23 - W22 + W32 - W22 > 0
	
--	3 -> 2:
	-------
&			W22 <= W22
--&	W32 - W22 + W32 - W22 > 0
	
--	3 -> 4:
	-------
&			W22 <= W22
--&	W34 - W22 + W42 - W22 <= W32 - W22
	
--	4 -> 2:
	-------
&			W22 <= W22
--&	W42 - W22 + 0 <= W42 - W22
	
--	4 -> 3:
	-------
&			W22 <= W22
--&	W43 - W22 + W32 - W22 > W42 - W22

	SELON HYTECH (ITERATION 1)
	W11 <= W22   & W12 + W22 < W14 + W32   & 2W22 < W23 + W32   & W34 + W42 <= W22 + W32   & W22 + W42 < W32 + W43
	-------------------------------


pi'^1_1 = 2
pi'^1_2 = 2
pi'^1_3 = 2
pi'^1_4 = 2


	-------------------------------
	Value Determination(1, 2, 3, 4)
	(1)
		c = 2 -> 2
	(2)
		eta = 3
		H = W22
	(3)
		eta^2_2 = 3
		H^2_2 = W22
		x^2_2 = 0
		X^2_2 = 0
	(4)
		eta^2_1 = 3
		H^2_1 = W22
		x^2_1 = 2 - 3 + 0 = -1
		X^2_1 = W12 - W22 + 0
	
		eta^2_3 = 3
		H^2_3 = W22
		x^2_3 = 4 - 3 + 0 = 1
		X^2_3 = W32 - W22 + 0
		
		eta^2_4 = 3
		H^2_4 = W22
		x^2_4 = 2 - 3 + 0 = -1
		X^2_4 = W42 - W22 + 0
	-------------------------------
	

***************************************
ITERATION 2
***************************************

pi^2_1 = 2
pi^2_2 = 2
pi^2_3 = 2
pi^2_4 = 2

eta^2_1 = 3
eta^2_2 = 3
eta^2_3 = 3
eta^2_4 = 3

H^2_1 = W22
H^2_2 = W22
H^2_3 = W22
H^2_4 = W22

x^2_1 = -1
x^2_2 = 0
x^2_3 = 1
x^2_4 = -1

X^2_1 = W12 - W22
X^2_2 = 0
X^2_3 = W32 - W22
X^2_4 = W42 - W22

	-------------------------------
	PolicyImprovement

(1)
	J = {}
	
	Donc on calcule I :
	
	11 : 1 - 3 + (-1) > -1 non
	12 : 2 - 3 + 0 > -1 non
	14 : 7 - 3 + (-1) > -1 OUI
	
	22 : 3 - 3 + 0 > 0 non
	23 : 5 - 3 + 1 > 0 OUI
	
	32 : 4 - 3 + 0 > 1 non
	34 : 3 - 3 + (-1) > 1 non
	
	42 : 2 - 3 + 0 > -1 non
	43 : 8 - 3 + 1 > -1 OUI
	
	I = {1, 2, 4}
	L(1) = {4} ; L(2) = {3} ; L(4) = {3}

(3)
	\pi'(1) := 2
	\pi'(2) := 3
	\pi'(4) := 3
(4)
	(les contraintes dégénérées sont tabulées)
	
--	1 -> 1:
	-------
&			W22 <= W22
&	W11 - W22 + W12 - W22 <= W12 - W22

--	1 -> 2:
	-------
&			W22 <= W22
&			W12 - W22 + 0 <= W12 - W22

--	1 -> 4:
	-------
&			W22 <= W22
&	W14 - W22 + W32 - W22 > W12 - W22

--	2 -> 2:
	-------
&			W22 <= W22
&			W22 - W22 + 0 <= 0

--	2 -> 3:
	-------
&			W22 <= W22
&	W23 - W22 + W32 - W22 > 0

--	3 -> 2:
	-------
&			W22 <= W22
&			W32 - W22 + 0 <= W32 - W22

--	3 -> 4:
	-------
&			W22 <= W22
&	W34 - W22 + W42 - W22 <= W32 - W22

--	4 -> 2:
	-------
&			W22 <= W22
&			W42 - W22 + 0 <= W42 - W22

--	4 -> 3:
	-------
&			W22 <= W22
&	W43 - W22 + W32 - W22 > W42 - W22
	
	-------------------------------
	
	SELON HYTECH (ITERATION 2)
	W42 <= W22   & W11 < W22   & W14 + W42 <= 3W22   & 2W22 < W23 + W32   & 2W22 < 2W32   & W34 + W42 <= W22 + W32   & W22 + W42 < W32 + W43

	SELON HYTECH (ITERATION 1 & 2)
	W12 + W22 < W14 + W32   & W42 <= W22   & W11 < W22   & W14 + W42 <= 3W22   & 2W22 < W23 + W32   & 2W22 < 2W32   & W34 + W42 <= W22 + W32   & W22 + W42 < W32 + W43


pi'^2_1 = 4
pi'^2_2 = 3
pi'^2_3 = 2
pi'^2_4 = 3


	-------------------------------
	Value Determination(1, 2, 3, 4)
	(1)
		c = 2 -> 3 -> 2
	(2)
		eta = 9/2
		H = (W23 + W32) / 2
	(3)
		eta^3_2 = 3
		H^3_2 = (W23 + W32) / 2
		x^3_2 = 0
		X^3_2 = 0
	(4)
		eta^3_1 = 9/2
		H^3_1 = (W23 + W32) / 2
		x^3_1 = 7 - 9/2 + X4 = 11/2
		X^3_1 = W14 - (W23 + W32) / 2 + (W43 - (W23 + W32) / 2 + (W32 - (W23 + W32) / 2))
	
		eta^3_3 = 9/2
		H^3_3 = (W23 + W32) / 2
		x^3_3 = 4 - 9/2 = -1/2
		X^3_3 = W32 - (W23 + W32) / 2 + 0
		
		eta^3_4 = 9/2
		H^3_4 = (W23 + W32) / 2
		x^3_4 = 8 - 9/2 - 1/2 = 3
		X^3_4 = W43 - (W23 + W32) / 2 + (W32 - (W23 + W32) / 2)
	-------------------------------


***************************************
ITERATION 3
***************************************

pi^3_1 = 4
pi^3_2 = 3
pi^3_3 = 2
pi^3_4 = 3

eta^3_1 = 9/2
eta^3_2 = 9/2
eta^3_3 = 9/2
eta^3_4 = 9/2

H^3_1 = (W23 + W32) / 2
H^3_2 = (W23 + W32) / 2
H^3_3 = (W23 + W32) / 2
H^3_4 = (W23 + W32) / 2 = 1/2 W23 + 1/2 W32

x^3_1 = 11/2
x^3_2 = 0
x^3_3 = -1/2
x^3_4 = 3

(seconde ligne identique mais pour passer dans HyTech)
X^3_1 = W14 - (W23 + W32) / 2 + (W43 - (W23 + W32) / 2 + (W32 - (W23 + W32) / 2))
X^3_1 = W14 - 1/2 W23 - 1/2 W32 + W43 - 1/2 W23 - 1/2 W32 + W32 - 1/2 W23 - 1/2 W32
X^3_2 = 0
X^3_3 = W32 - 1/2 W23 - 1/2 W32
X^3_3 = W32 + (W23 + W32) / 2
X^3_4 = W43 - 1/2 W23 - 1/2 W32 + W32 - 1/2 W23 - 1/2 W32
X^3_4 = W43 - (W23 + W32) / 2 + (W32 - (W23 + W32) / 2)

	-------------------------------
	PolicyImprovement

(1)
	J = {}
	
	Donc on calcule I :
	
	11 : 1 - 9/2 + 11/2 > 11/2 non
	12 : 2 - 9/2 + 0 > 11/2 non
	14 : 7 - 9/2 + 3 > 11/2 non
	
	22 : 3 - 9/2 + 0 > 0 non
	23 : 5 - 9/2 + (-1/2) > 0 non
	
	32 : 4 - 9/2 + 0 > -1/2
	34 : 3 - 9/2 + 3 > -1/2 OUI
	
	42 : 2 - 9/2 + 0 > 3 non
	43 : 8 - 9/2 + (-1/2) > 3 non
	
	I = {3}
	L(3) = {4}

(3)
	\pi'(3) := 4

(4)
	(les contraintes dégénérées sont tabulées)
	
--	1 -> 1:
	-------
&			(W23 + W32) / 2 <= (W23 + W32) / 2
&	W11 - (W23 + W32) / 2 + W14 - (W23 + W32) / 2 + (W43 - (W23 + W32) / 2 + (W32 - (W23 + W32) / 2)) <= W14 - (W23 + W32) / 2 + (W43 - (W23 + W32) / 2 + (W32 - (W23 + W32) / 2))

--	1 -> 2:
	-------
&			(W23 + W32) / 2 <= (W23 + W32) / 2
&	W12 - (W23 + W32) / 2 + 0 <= W14 - (W23 + W32) / 2 + (W43 - (W23 + W32) / 2 + (W32 - (W23 + W32) / 2))

--	1 -> 4:
	-------
&			(W23 + W32) / 2 <= (W23 + W32) / 2
&	W14 - (W23 + W32) / 2 + W43 - (W23 + W32) / 2 + (W32 - (W23 + W32) / 2) <= W14 - (W23 + W32) / 2 + (W43 - (W23 + W32) / 2 + (W32 - (W23 + W32) / 2))

--	2 -> 2:
	-------
&			(W23 + W32) / 2 <= (W23 + W32) / 2
&	W22 - (W23 + W32) / 2 + 0 <= 0

--	2 -> 3:
	-------
&			(W23 + W32) / 2 <= (W23 + W32) / 2
&	W23 - (W23 + W32) / 2 + W32 - (W23 + W32) / 2 <= 0

--	3 -> 2:
	-------
&			(W23 + W32) / 2 <= (W23 + W32) / 2
&	W32 - (W23 + W32) / 2 + 0 <= W32 - (W23 + W32) / 2

--	3 -> 4:
	-------
&			(W23 + W32) / 2 <= (W23 + W32) / 2
&	W34 - (W23 + W32) / 2 + W43 - (W23 + W32) / 2 + (W32 - (W23 + W32) / 2) > W32 - (W23 + W32) / 2

--	4 -> 2:
	-------
&			(W23 + W32) / 2 <= (W23 + W32) / 2
&	W42 - (W23 + W32) / 2 + 0 <= (W23 + W32) / 2 + (W32 - (W23 + W32) / 2)

--	4 -> 3:
	-------
&			(W23 + W32) / 2 <= (W23 + W32) / 2
&	W43 - (W23 + W32) / 2 + W32 - (W23 + W32) / 2 <= W43 - (W23 + W32) / 2 + (W32 - (W23 + W32) / 2)



HTYECH N'ACCEPTE NI LES PARENTHESES NI LES DIVISIONS, DONC ON REFORMATE TOUT (!!!)

X^3_1 = W14 - 1/2 W23 - 1/2 W32 + W43 - 1/2 W23 - 1/2 W32 + W32 - 1/2 W23 - 1/2 W32
X^3_2 = 0
X^3_3 = W32 - 1/2 W23 - 1/2 W32
X^3_4 = W43 - 1/2 W23 - 1/2 W32 + W32 - 1/2 W23 - 1/2 W32


--	1 -> 1:
	-------
&			1/2 W23 + 1/2 W32 <= 1/2 W23 + 1/2 W32
&	W11 - 1/2 W23 - 1/2 W32 + W14 - 1/2 W23 - 1/2 W32 + W43 - 1/2 W23 - 1/2 W32 + W32 - 1/2 W23 - 1/2 W32 <= W14 - 1/2 W23 - 1/2 W32 + W43 - 1/2 W23 - 1/2 W32 + W32 - 1/2 W23 - 1/2 W32

--	1 -> 2:
	-------
&			1/2 W23 + 1/2 W32 <= 1/2 W23 + 1/2 W32
&	W12 - 1/2 W23 - 1/2 W32 + 0 <= W14 - 1/2 W23 - 1/2 W32 + W43 - 1/2 W23 - 1/2 W32 + W32 - 1/2 W23 - 1/2 W32
 
--	1 -> 4:
	-------
&			1/2 W23 + 1/2 W32 <= 1/2 W23 + 1/2 W32
&	W14 - 1/2 W23 - 1/2 W32 + W43 - 1/2 W23 - 1/2 W32 + W32 - 1/2 W23 - 1/2 W32 <= W14 - 1/2 W23 - 1/2 W32 + W43 - 1/2 W23 - 1/2 W32 + W32 - 1/2 W23 - 1/2 W32

--	2 -> 2:
	-------
&			1/2 W23 + 1/2 W32 <= 1/2 W23 + 1/2 W32
&	W22 - 1/2 W23 - 1/2 W32 + 0 <= 0

--	2 -> 3:
	-------
&			1/2 W23 + 1/2 W32 <= 1/2 W23 + 1/2 W32
&	W23 - 1/2 W23 - 1/2 W32 + W32 - 1/2 W23 - 1/2 W32 <= 0

--	3 -> 2:
	-------
&			1/2 W23 + 1/2 W32 <= 1/2 W23 + 1/2 W32
&	W32 - 1/2 W23 - 1/2 W32 + 0 <= W32 - 1/2 W23 - 1/2 W32

--	3 -> 4:
	-------
&			1/2 W23 + 1/2 W32 <= 1/2 W23 + 1/2 W32
&	W34 - 1/2 W23 - 1/2 W32 + W43 - 1/2 W23 - 1/2 W32 + W32 - 1/2 W23 - 1/2 W32 > W32 - 1/2 W23 - 1/2 W32

--	4 -> 2:
	-------
&			1/2 W23 + 1/2 W32 <= 1/2 W23 + 1/2 W32
&	W42 - 1/2 W23 - 1/2 W32 + 0 <= W43 - 1/2 W23 - 1/2 W32 + W32 - 1/2 W23 - 1/2 W32

--	4 -> 3:
	-------
&			1/2 W23 + 1/2 W32 <= 1/2 W23 + 1/2 W32
&	W43 - 1/2 W23 - 1/2 W32 + W32 - 1/2 W23 - 1/2 W32 <= W43 - 1/2 W23 - 1/2 W32 + W32 - 1/2 W23 - 1/2 W32

	-------------------------------

	SELON HYTECH (ITERATION 3)
	2W11 <= W23 + W32   & W12 + W23 <= W14 + W43   & 2W22 <= W23 + W32   & 16W23 + 16W32 < 16W34 + 16W43   & W23 + 2W42 <= W32 + 2W43

	SELON HYTECH (ITERATION 1 & 2 & 3)
	W12 + W22 < W14 + W32   & W12 + W23 <= W14 + W43   & W11 < W22   & 16W23 + 16W32 < 16W34 + 16W43   & W34 + W42 <= W22 + W32   & 2W22 < W23 + W32


pi'^3_1 = 4
pi'^3_2 = 3
pi'^3_3 = 4
pi'^3_4 = 3



	-------------------------------
	Value Determination(1, 2, 3, 4)
	(1)
		c = 4 -> 3 -> 4
	(2)
		eta = 11/2
		H = (W34 + W43) / 2 = 1/2 W34 + 1/2 W43
	(3)
		eta^4_3 = 11/2
		H^4_3 = 1/2 W34 + 1/2 W43
		x^4_3 = 0
		X^4_3 = 0
	(4)
		eta^4_1 = 11/2
		H^4_1 = 1/2 W34 + 1/2 W43
		x^4_1 = 7 - 11/2 + X4 = 4
		X^4_1 = W14 - 1/2 W34 - 1/2 W43 + W43 - 1/2 W34 - 1/2 W43
	
		eta^4_2 = 11/2
		H^4_2 = 1/2 W34 + 1/2 W43
		x^4_2 = 5 - 11/2 = -1/2
		X^4_2 = W23 - 1/2 W34 - 1/2 W43 + 0
		
		eta^4_4 = 11/2
		H^4_4 = 1/2 W34 + 1/2 W43
		x^4_4 = 8 - 11/2 + X3 = 5/2
		X^4_4 = W43 - 1/2 W34 - 1/2 W43 + 0
	-------------------------------


***************************************
ITERATION 4
***************************************

pi^4_1 = 4
pi^4_2 = 3
pi^4_3 = 4
pi^4_4 = 3

eta^4_1 = 11/2
eta^4_2 = 11/2
eta^4_3 = 11/2
eta^4_4 = 11/2

H^4_1 = 1/2 W34 + 1/2 W43
H^4_2 = 1/2 W34 + 1/2 W43
H^4_3 = 1/2 W34 + 1/2 W43
H^4_4 = 1/2 W34 + 1/2 W43

x^4_1 = 4
x^4_2 = -1/2
x^4_3 = 0
x^4_4 = 5/2

X^4_1 = W14 - 1/2 W34 - 1/2 W43 + W43 - 1/2 W34 - 1/2 W43
X^4_2 = W23 - 1/2 W34 - 1/2 W43
X^4_3 = 0
X^4_4 = W43 - 1/2 W34 - 1/2 W43

	-------------------------------
	PolicyImprovement

(1)
	J = {}
	
	Donc on calcule I :
	
	11 : 1 -11/2 + 4 > 4 non
	12 : 2 - 11/2 + (-1/2) > -1/2 non
	14 : 7 - 11/2 + 5/2 > 4 non
	
	22 : 3 - 11/2 + (-1/2) > -1/2 non
	23 : 5 - 11/2 + 0 > -1/2 non
	
	32 : 4 - 11/2 + (-1/2) > 0 non
	34 : 3 - 11/2 + 5/2 > 0 non
	
	42 : 2 - 11/2 + (-1/2) > 0 non
	43 : 8 - 11/2 + 0 > 5/2 non
	
	I = {}

(2)
	Fini :-)))))

(4)
	(on refait un tour de contraintes)
	
--	1 -> 1:
	-------
&			1/2 W34 + 1/2 W43 <= 1/2 W34 + 1/2 W43
&	W11 - 1/2 W34 - 1/2 W43 + W14 - 1/2 W34 - 1/2 W43 + W43 - 1/2 W34 - 1/2 W43 <= W14 - 1/2 W34 - 1/2 W43 + W43 - 1/2 W34 - 1/2 W43

--	1 -> 2:
	-------
&			1/2 W34 + 1/2 W43 <= 1/2 W34 + 1/2 W43
&	W12 - 1/2 W34 - 1/2 W43 + W23 - 1/2 W34 - 1/2 W43 <= W14 - 1/2 W34 - 1/2 W43 + W43 - 1/2 W34 - 1/2 W43

--	1 -> 4:
	-------
&			1/2 W34 + 1/2 W43 <= 1/2 W34 + 1/2 W43
&	W14 - 1/2 W34 - 1/2 W43 + W43 - 1/2 W34 - 1/2 W43 <= W14 - 1/2 W34 - 1/2 W43 + W43 - 1/2 W34 - 1/2 W43

--	2 -> 2:
	-------
&			1/2 W34 + 1/2 W43 <= 1/2 W34 + 1/2 W43
&	W22 - 1/2 W34 - 1/2 W43 + W23 - 1/2 W34 - 1/2 W43 <= W23 - 1/2 W34 - 1/2 W43

--	2 -> 3:
	-------
&			1/2 W34 + 1/2 W43 <= 1/2 W34 + 1/2 W43
&	W23 - 1/2 W34 - 1/2 W43 + 0 <= W23 - 1/2 W34 - 1/2 W43

--	3 -> 2:
	-------
&			1/2 W34 + 1/2 W43 <= 1/2 W34 + 1/2 W43
&	W32 - 1/2 W34 - 1/2 W43 + W23 - 1/2 W34 - 1/2 W43 <= 0

--	3 -> 4:
	-------
&			1/2 W34 + 1/2 W43 <= 1/2 W34 + 1/2 W43
&	W34 - 1/2 W34 - 1/2 W43 + W43 - 1/2 W34 - 1/2 W43 <= 0

--	4 -> 2:
	-------
&			1/2 W34 + 1/2 W43 <= 1/2 W34 + 1/2 W43
&	W42 - 1/2 W34 - 1/2 W43 + W23 - 1/2 W34 - 1/2 W43 <= W43 - 1/2 W34 - 1/2 W43

--	4 -> 3:
	-------
&			1/2 W34 + 1/2 W43 <= 1/2 W34 + 1/2 W43
&	W43 - 1/2 W34 - 1/2 W43 + 0 <= W43 - 1/2 W34 - 1/2 W43
	-------------------------------

	SELON HYTECH (ITERATION 4)
	2W11 <= W34 + W43   & W12 + W23 <= W14 + W43   & 2W22 <= W34 + W43   & W23 + W32 <= W34 + W43   & 2W23 + 2W42 <= W34 + 3W43

	SELON HYTECH (ITERATION 1 & 2 & 3 & 4)
	W12 + W22 < W14 + W32   & W11 < W22   & W12 + W23 <= W14 + W43   & W34 + W42 <= W22 + W32   & 2W22 < W23 + W32   & 16W23 + 16W32 < 16W34 + 16W43


HYTECH PROUVE QUE (ITER1 & ITER2 & ITER3 & ITER4)  <  ITER4


NON DETERMINISME !!
ValueDetermination :
- choix du circuit c
- choix du noeud i, choix de la valeur de x_i

PolicyDetermination :
- choix de la politique ("any e \in K(i)" ou "any e \in L(i))

